<?xml version="1.0" encoding="UTF-8"?>
<!-- Generated by org.testng.reporters.JUnitXMLReporter -->
<testsuite ignored="0" hostname="DESKTOP-3EG2OHA" failures="2" tests="3" name="ErrorValidation" time="46.707" errors="0" timestamp="2025-11-30T15:57:06 IST">
  <testcase classname="rahulshettyacadamy.Test.ErrorValidationTest" name="LoginErrorvalidation" time="20.769">
    <skipped/>
  </testcase> <!-- LoginErrorvalidation -->
  <testcase classname="rahulshettyacadamy.Test.ErrorValidationTest" name="ProductErroValidation" time="22.585">
    <failure type="java.lang.AssertionError" message="The following asserts failed:
	Email :- *Enter Valid Email">
      <![CDATA[java.lang.AssertionError: The following asserts failed:
Email :- *Enter Valid Email
at rahulshettyacadamy.abstractComponents.Validations.LoginBtn(Validations.java:141)
at rahulshettyacadamy.PageObjects.LandingPage.LoginApplication(LandingPage.java:59)
at rahulshettyacadamy.Test.ErrorValidationTest.ProductErroValidation(ErrorValidationTest.java:97)
at java.base/java.util.concurrent.ThreadPoolExecutor.runWorker(ThreadPoolExecutor.java:1136)
at java.base/java.util.concurrent.ThreadPoolExecutor$Worker.run(ThreadPoolExecutor.java:635)
at java.base/java.lang.Thread.run(Thread.java:840)
... Removed 14 stack frames]]>
    </failure>
  </testcase> <!-- ProductErroValidation -->
  <testcase classname="rahulshettyacadamy.Test.ErrorValidationTest" name="LoginErrorvalidation" time="10.777">
    <failure type="java.lang.AssertionError" message="The following asserts failed:
	Incorrect email or password.">
      <![CDATA[java.lang.AssertionError: The following asserts failed:
Incorrect email or password.
at rahulshettyacadamy.abstractComponents.Validations.LoginBtn(Validations.java:141)
at rahulshettyacadamy.PageObjects.LandingPage.LoginApplication(LandingPage.java:59)
at rahulshettyacadamy.Test.ErrorValidationTest.LoginErrorvalidation(ErrorValidationTest.java:64)
at java.base/java.util.concurrent.ThreadPoolExecutor.runWorker(ThreadPoolExecutor.java:1136)
at java.base/java.util.concurrent.ThreadPoolExecutor$Worker.run(ThreadPoolExecutor.java:635)
at java.base/java.lang.Thread.run(Thread.java:840)
... Removed 14 stack frames]]>
    </failure>
  </testcase> <!-- LoginErrorvalidation -->
</testsuite> <!-- ErrorValidation -->
