<?xml version="1.0" encoding="UTF-8"?>
<!-- Generated by org.testng.reporters.JUnitXMLReporter -->
<testsuite ignored="0" hostname="DESKTOP-3EG2OHA" failures="0" tests="6" name="SubmitOrder" time="137.26" errors="0" timestamp="2025-11-30T15:56:19 IST">
  <testcase classname="rahulshettyacadamy.Test.SubmitOrderTest" name="SubmitOrder" time="17.779"/>
  <testcase classname="rahulshettyacadamy.Test.SubmitOrderTest" name="SubmitOrder" time="16.091"/>
  <testcase classname="rahulshettyacadamy.Test.SubmitOrderTest" name="SubmitOrder" time="17.092"/>
  <testcase classname="rahulshettyacadamy.Test.SubmitOrderTest" name="OrderHistory" time="17.322"/>
  <testcase classname="rahulshettyacadamy.Test.SubmitOrderTest" name="OrderHistory" time="12.454"/>
  <testcase classname="rahulshettyacadamy.Test.SubmitOrderTest" name="OrderHistory" time="12.185"/>
</testsuite> <!-- SubmitOrder -->
