<?xml version="1.0" encoding="UTF-8"?>
<!-- Generated by org.testng.reporters.JUnitXMLReporter -->
<testsuite ignored="2" hostname="DESKTOP-3EG2OHA" failures="0" tests="0" time="0.018" errors="0" timestamp="2025-11-22T18:52:03 IST">
  <testcase classname="rahulshettyacadamy.Test.ErrorValidationTest" name="LoginErrorvalidation" time="0.0">
    <ignored/>
  </testcase> <!-- LoginErrorvalidation -->
  <testcase classname="rahulshettyacadamy.Test.ErrorValidationTest" name="ProductErroValidation" time="0.0">
    <ignored/>
  </testcase> <!-- ProductErroValidation -->
</testsuite>
