<?xml version="1.0" encoding="UTF-8"?>
<testng-results retried="1" ignored="1" total="10" passed="6" failed="2" skipped="0">
  <reporter-output>
  </reporter-output>
  <suite started-at="2025-11-30T15:54:01 IST" name="Suite" finished-at="2025-11-30T15:57:06 IST" duration-ms="184917">
    <groups>
      <group name="Purchase">
        <method signature="SubmitOrderTest.SubmitOrder(java.util.HashMap)[pri:0, instance:rahulshettyacadamy.Test.SubmitOrderTest@6b88ca8c]" name="SubmitOrder" class="rahulshettyacadamy.Test.SubmitOrderTest"/>
      </group> <!-- Purchase -->
      <group name="Errorhandling">
        <method signature="ErrorValidationTest.LoginErrorvalidation()[pri:0, instance:rahulshettyacadamy.Test.ErrorValidationTest@6d1ef78d]" name="LoginErrorvalidation" class="rahulshettyacadamy.Test.ErrorValidationTest"/>
      </group> <!-- Errorhandling -->
    </groups>
    <test started-at="2025-11-30T15:54:01 IST" name="SubmitOrder" finished-at="2025-11-30T15:56:19 IST" duration-ms="137260">
      <class name="rahulshettyacadamy.Test.SubmitOrderTest">
        <test-method is-config="true" signature="LaunchApplication()[pri:0, instance:rahulshettyacadamy.Test.SubmitOrderTest@6b88ca8c]" started-at="2025-11-30T15:54:02 IST" name="LaunchApplication" finished-at="2025-11-30T15:54:13 IST" duration-ms="10751" status="PASS">
          <reporter-output>
          </reporter-output>
        </test-method> <!-- LaunchApplication -->
        <test-method signature="SubmitOrder(java.util.HashMap)[pri:0, instance:rahulshettyacadamy.Test.SubmitOrderTest@6b88ca8c]" started-at="2025-11-30T15:54:13 IST" name="SubmitOrder" data-provider="getDataFromExcel" finished-at="2025-11-30T15:54:31 IST" duration-ms="17779" status="PASS">
          <params>
            <param index="0">
              <value>
                <![CDATA[{User=Existing, Email=raju1245@gmail.com, gender=Male, Username=wedrtyui, Phone=1234567890, Country=United State, LastName=Tho, productName=ADIDAS ORIGINAL, age=18, Occ=Doctor, Password=Suvarna@02}]]>
              </value>
            </param>
          </params>
          <reporter-output>
          </reporter-output>
        </test-method> <!-- SubmitOrder -->
        <test-method is-config="true" signature="tearDown()[pri:0, instance:rahulshettyacadamy.Test.SubmitOrderTest@6b88ca8c]" started-at="2025-11-30T15:54:31 IST" name="tearDown" finished-at="2025-11-30T15:54:31 IST" duration-ms="390" status="PASS">
          <reporter-output>
          </reporter-output>
        </test-method> <!-- tearDown -->
        <test-method is-config="true" signature="LaunchApplication()[pri:0, instance:rahulshettyacadamy.Test.SubmitOrderTest@6b88ca8c]" started-at="2025-11-30T15:54:31 IST" name="LaunchApplication" finished-at="2025-11-30T15:54:39 IST" duration-ms="7747" status="PASS">
          <reporter-output>
          </reporter-output>
        </test-method> <!-- LaunchApplication -->
        <test-method signature="SubmitOrder(java.util.HashMap)[pri:0, instance:rahulshettyacadamy.Test.SubmitOrderTest@6b88ca8c]" started-at="2025-11-30T15:54:39 IST" name="SubmitOrder" data-provider="getDataFromExcel" finished-at="2025-11-30T15:54:55 IST" duration-ms="16091" status="PASS">
          <params>
            <param index="0">
              <value>
                <![CDATA[{User=Existing, Email=suvarna5@gmail.com, gender=Male, Username=wedrtyui, Phone=1234567890, Country=India, LastName=Tho, productName=ZARA COAT 3, age=17, Occ=Doctor, Password=Suvarna@02}]]>
              </value>
            </param>
          </params>
          <reporter-output>
          </reporter-output>
        </test-method> <!-- SubmitOrder -->
        <test-method is-config="true" signature="tearDown()[pri:0, instance:rahulshettyacadamy.Test.SubmitOrderTest@6b88ca8c]" started-at="2025-11-30T15:54:55 IST" name="tearDown" finished-at="2025-11-30T15:54:55 IST" duration-ms="383" status="PASS">
          <reporter-output>
          </reporter-output>
        </test-method> <!-- tearDown -->
        <test-method is-config="true" signature="LaunchApplication()[pri:0, instance:rahulshettyacadamy.Test.SubmitOrderTest@6b88ca8c]" started-at="2025-11-30T15:54:55 IST" name="LaunchApplication" finished-at="2025-11-30T15:55:01 IST" duration-ms="5462" status="PASS">
          <reporter-output>
          </reporter-output>
        </test-method> <!-- LaunchApplication -->
        <test-method signature="SubmitOrder(java.util.HashMap)[pri:0, instance:rahulshettyacadamy.Test.SubmitOrderTest@6b88ca8c]" started-at="2025-11-30T15:55:01 IST" name="SubmitOrder" data-provider="getDataFromExcel" finished-at="2025-11-30T15:55:18 IST" duration-ms="17092" status="PASS">
          <params>
            <param index="0">
              <value>
                <![CDATA[{User=Existing, Email=raju1245653@gmail.com, gender=Female, Username=wedrtyui, Phone=1234567890, Country=United State, LastName=Tho, productName=ADIDAS ORIGINAL, age=18, Occ=Doctor, Password=Suvarna@02}]]>
              </value>
            </param>
          </params>
          <reporter-output>
          </reporter-output>
        </test-method> <!-- SubmitOrder -->
        <test-method is-config="true" signature="tearDown()[pri:0, instance:rahulshettyacadamy.Test.SubmitOrderTest@6b88ca8c]" started-at="2025-11-30T15:55:18 IST" name="tearDown" finished-at="2025-11-30T15:55:18 IST" duration-ms="330" status="PASS">
          <reporter-output>
          </reporter-output>
        </test-method> <!-- tearDown -->
        <test-method is-config="true" signature="LaunchApplication()[pri:0, instance:rahulshettyacadamy.Test.SubmitOrderTest@6b88ca8c]" started-at="2025-11-30T15:55:18 IST" name="LaunchApplication" finished-at="2025-11-30T15:55:20 IST" duration-ms="1629" status="PASS">
          <reporter-output>
          </reporter-output>
        </test-method> <!-- LaunchApplication -->
        <test-method signature="OrderHistory(java.util.HashMap)[pri:0, instance:rahulshettyacadamy.Test.SubmitOrderTest@6b88ca8c]" started-at="2025-11-30T15:55:20 IST" name="OrderHistory" data-provider="getDataFromExcel" finished-at="2025-11-30T15:55:37 IST" depends-on-methods="rahulshettyacadamy.Test.SubmitOrderTest.SubmitOrder" duration-ms="17322" status="PASS">
          <params>
            <param index="0">
              <value>
                <![CDATA[{User=Existing, Email=raju1245@gmail.com, gender=Male, Username=wedrtyui, Phone=1234567890, Country=United State, LastName=Tho, productName=ADIDAS ORIGINAL, age=18, Occ=Doctor, Password=Suvarna@02}]]>
              </value>
            </param>
          </params>
          <reporter-output>
          </reporter-output>
        </test-method> <!-- OrderHistory -->
        <test-method is-config="true" signature="tearDown()[pri:0, instance:rahulshettyacadamy.Test.SubmitOrderTest@6b88ca8c]" started-at="2025-11-30T15:55:37 IST" name="tearDown" finished-at="2025-11-30T15:55:38 IST" duration-ms="288" status="PASS">
          <reporter-output>
          </reporter-output>
        </test-method> <!-- tearDown -->
        <test-method is-config="true" signature="LaunchApplication()[pri:0, instance:rahulshettyacadamy.Test.SubmitOrderTest@6b88ca8c]" started-at="2025-11-30T15:55:38 IST" name="LaunchApplication" finished-at="2025-11-30T15:55:48 IST" duration-ms="9994" status="PASS">
          <reporter-output>
          </reporter-output>
        </test-method> <!-- LaunchApplication -->
        <test-method signature="OrderHistory(java.util.HashMap)[pri:0, instance:rahulshettyacadamy.Test.SubmitOrderTest@6b88ca8c]" started-at="2025-11-30T15:55:48 IST" name="OrderHistory" data-provider="getDataFromExcel" finished-at="2025-11-30T15:56:00 IST" depends-on-methods="rahulshettyacadamy.Test.SubmitOrderTest.SubmitOrder" duration-ms="12454" status="PASS">
          <params>
            <param index="0">
              <value>
                <![CDATA[{User=Existing, Email=suvarna5@gmail.com, gender=Male, Username=wedrtyui, Phone=1234567890, Country=India, LastName=Tho, productName=ZARA COAT 3, age=17, Occ=Doctor, Password=Suvarna@02}]]>
              </value>
            </param>
          </params>
          <reporter-output>
          </reporter-output>
        </test-method> <!-- OrderHistory -->
        <test-method is-config="true" signature="tearDown()[pri:0, instance:rahulshettyacadamy.Test.SubmitOrderTest@6b88ca8c]" started-at="2025-11-30T15:56:00 IST" name="tearDown" finished-at="2025-11-30T15:56:01 IST" duration-ms="395" status="PASS">
          <reporter-output>
          </reporter-output>
        </test-method> <!-- tearDown -->
        <test-method is-config="true" signature="LaunchApplication()[pri:0, instance:rahulshettyacadamy.Test.SubmitOrderTest@6b88ca8c]" started-at="2025-11-30T15:56:01 IST" name="LaunchApplication" finished-at="2025-11-30T15:56:06 IST" duration-ms="5343" status="PASS">
          <reporter-output>
          </reporter-output>
        </test-method> <!-- LaunchApplication -->
        <test-method signature="OrderHistory(java.util.HashMap)[pri:0, instance:rahulshettyacadamy.Test.SubmitOrderTest@6b88ca8c]" started-at="2025-11-30T15:56:06 IST" name="OrderHistory" data-provider="getDataFromExcel" finished-at="2025-11-30T15:56:18 IST" depends-on-methods="rahulshettyacadamy.Test.SubmitOrderTest.SubmitOrder" duration-ms="12185" status="PASS">
          <params>
            <param index="0">
              <value>
                <![CDATA[{User=Existing, Email=raju1245653@gmail.com, gender=Female, Username=wedrtyui, Phone=1234567890, Country=United State, LastName=Tho, productName=ADIDAS ORIGINAL, age=18, Occ=Doctor, Password=Suvarna@02}]]>
              </value>
            </param>
          </params>
          <reporter-output>
          </reporter-output>
        </test-method> <!-- OrderHistory -->
        <test-method is-config="true" signature="tearDown()[pri:0, instance:rahulshettyacadamy.Test.SubmitOrderTest@6b88ca8c]" started-at="2025-11-30T15:56:18 IST" name="tearDown" finished-at="2025-11-30T15:56:19 IST" duration-ms="435" status="PASS">
          <reporter-output>
          </reporter-output>
        </test-method> <!-- tearDown -->
      </class> <!-- rahulshettyacadamy.Test.SubmitOrderTest -->
    </test> <!-- SubmitOrder -->
    <test started-at="2025-11-30T15:56:19 IST" name="ErrorValidation" finished-at="2025-11-30T15:57:06 IST" duration-ms="46707">
      <class name="rahulshettyacadamy.Test.ErrorValidationTest">
        <test-method is-config="true" signature="LaunchApplication()[pri:0, instance:rahulshettyacadamy.Test.ErrorValidationTest@6d1ef78d]" started-at="2025-11-30T15:56:20 IST" name="LaunchApplication" finished-at="2025-11-30T15:56:26 IST" duration-ms="6429" status="PASS">
          <reporter-output>
          </reporter-output>
        </test-method> <!-- LaunchApplication -->
        <test-method is-config="true" signature="LaunchApplication()[pri:0, instance:rahulshettyacadamy.Test.ErrorValidationTest@6d1ef78d]" started-at="2025-11-30T15:56:20 IST" name="LaunchApplication" finished-at="2025-11-30T15:56:28 IST" duration-ms="8254" status="PASS">
          <reporter-output>
          </reporter-output>
        </test-method> <!-- LaunchApplication -->
        <test-method signature="ProductErroValidation()[pri:0, instance:rahulshettyacadamy.Test.ErrorValidationTest@6d1ef78d]" started-at="2025-11-30T15:56:26 IST" name="ProductErroValidation" finished-at="2025-11-30T15:56:49 IST" duration-ms="22585" status="FAIL">
          <exception class="java.lang.AssertionError">
            <message>
              <![CDATA[The following asserts failed:
Email :- *Enter Valid Email]]>
            </message>
            <full-stacktrace>
              <![CDATA[java.lang.AssertionError: The following asserts failed:
Email :- *Enter Valid Email
at org.testng.asserts.SoftAssert.assertAll(SoftAssert.java:46)
at org.testng.asserts.SoftAssert.assertAll(SoftAssert.java:30)
at rahulshettyacadamy.abstractComponents.Validations.LoginBtn(Validations.java:141)
at rahulshettyacadamy.PageObjects.LandingPage.LoginApplication(LandingPage.java:59)
at rahulshettyacadamy.Test.ErrorValidationTest.ProductErroValidation(ErrorValidationTest.java:97)
at java.base/jdk.internal.reflect.NativeMethodAccessorImpl.invoke0(Native Method)
at java.base/jdk.internal.reflect.NativeMethodAccessorImpl.invoke(NativeMethodAccessorImpl.java:77)
at java.base/jdk.internal.reflect.DelegatingMethodAccessorImpl.invoke(DelegatingMethodAccessorImpl.java:43)
at java.base/java.lang.reflect.Method.invoke(Method.java:568)
at org.testng.internal.invokers.MethodInvocationHelper.invokeMethod(MethodInvocationHelper.java:139)
at org.testng.internal.invokers.TestInvoker.invokeMethod(TestInvoker.java:664)
at org.testng.internal.invokers.TestInvoker.invokeTestMethod(TestInvoker.java:227)
at org.testng.internal.invokers.MethodRunner.runInSequence(MethodRunner.java:50)
at org.testng.internal.invokers.TestInvoker$MethodInvocationAgent.invoke(TestInvoker.java:957)
at org.testng.internal.invokers.TestInvoker.invokeTestMethods(TestInvoker.java:200)
at org.testng.internal.invokers.TestMethodWorker.invokeTestMethods(TestMethodWorker.java:148)
at org.testng.internal.invokers.TestMethodWorker.run(TestMethodWorker.java:128)
at java.base/java.util.concurrent.ThreadPoolExecutor.runWorker(ThreadPoolExecutor.java:1136)
at java.base/java.util.concurrent.ThreadPoolExecutor$Worker.run(ThreadPoolExecutor.java:635)
at java.base/java.lang.Thread.run(Thread.java:840)
]]>
            </full-stacktrace>
          </exception> <!-- java.lang.AssertionError -->
          <reporter-output>
          </reporter-output>
        </test-method> <!-- ProductErroValidation -->
        <test-method retried="true" signature="LoginErrorvalidation()[pri:0, instance:rahulshettyacadamy.Test.ErrorValidationTest@6d1ef78d]" started-at="2025-11-30T15:56:28 IST" name="LoginErrorvalidation" finished-at="2025-11-30T15:56:49 IST" duration-ms="20769" status="SKIP">
          <exception class="java.lang.AssertionError">
            <message>
              <![CDATA[The following asserts failed:
Email :- *Enter Valid Email]]>
            </message>
            <full-stacktrace>
              <![CDATA[java.lang.AssertionError: The following asserts failed:
Email :- *Enter Valid Email
at org.testng.asserts.SoftAssert.assertAll(SoftAssert.java:46)
at org.testng.asserts.SoftAssert.assertAll(SoftAssert.java:30)
at rahulshettyacadamy.abstractComponents.Validations.LoginBtn(Validations.java:141)
at rahulshettyacadamy.PageObjects.LandingPage.LoginApplication(LandingPage.java:59)
at rahulshettyacadamy.Test.ErrorValidationTest.LoginErrorvalidation(ErrorValidationTest.java:64)
at java.base/jdk.internal.reflect.NativeMethodAccessorImpl.invoke0(Native Method)
at java.base/jdk.internal.reflect.NativeMethodAccessorImpl.invoke(NativeMethodAccessorImpl.java:77)
at java.base/jdk.internal.reflect.DelegatingMethodAccessorImpl.invoke(DelegatingMethodAccessorImpl.java:43)
at java.base/java.lang.reflect.Method.invoke(Method.java:568)
at org.testng.internal.invokers.MethodInvocationHelper.invokeMethod(MethodInvocationHelper.java:139)
at org.testng.internal.invokers.TestInvoker.invokeMethod(TestInvoker.java:664)
at org.testng.internal.invokers.TestInvoker.invokeTestMethod(TestInvoker.java:227)
at org.testng.internal.invokers.MethodRunner.runInSequence(MethodRunner.java:50)
at org.testng.internal.invokers.TestInvoker$MethodInvocationAgent.invoke(TestInvoker.java:957)
at org.testng.internal.invokers.TestInvoker.invokeTestMethods(TestInvoker.java:200)
at org.testng.internal.invokers.TestMethodWorker.invokeTestMethods(TestMethodWorker.java:148)
at org.testng.internal.invokers.TestMethodWorker.run(TestMethodWorker.java:128)
at java.base/java.util.concurrent.ThreadPoolExecutor.runWorker(ThreadPoolExecutor.java:1136)
at java.base/java.util.concurrent.ThreadPoolExecutor$Worker.run(ThreadPoolExecutor.java:635)
at java.base/java.lang.Thread.run(Thread.java:840)
]]>
            </full-stacktrace>
          </exception> <!-- java.lang.AssertionError -->
          <reporter-output>
          </reporter-output>
        </test-method> <!-- LoginErrorvalidation -->
        <test-method is-config="true" signature="tearDown()[pri:0, instance:rahulshettyacadamy.Test.ErrorValidationTest@6d1ef78d]" started-at="2025-11-30T15:56:49 IST" name="tearDown" finished-at="2025-11-30T15:56:49 IST" duration-ms="513" status="PASS">
          <reporter-output>
          </reporter-output>
        </test-method> <!-- tearDown -->
        <test-method is-config="true" signature="LaunchApplication()[pri:0, instance:rahulshettyacadamy.Test.ErrorValidationTest@6d1ef78d]" started-at="2025-11-30T15:56:49 IST" name="LaunchApplication" finished-at="2025-11-30T15:56:55 IST" duration-ms="5810" status="PASS">
          <reporter-output>
          </reporter-output>
        </test-method> <!-- LaunchApplication -->
        <test-method is-config="true" signature="tearDown()[pri:0, instance:rahulshettyacadamy.Test.ErrorValidationTest@6d1ef78d]" started-at="2025-11-30T15:56:49 IST" name="tearDown" finished-at="2025-11-30T15:56:49 IST" duration-ms="119" status="FAIL">
          <exception class="org.openqa.selenium.NoSuchSessionException">
            <message>
              <![CDATA[invalid session id
Build info: version: '4.38.0', revision: '6b412e825c*'
System info: os.name: 'Windows 11', os.arch: 'amd64', os.version: '10.0', java.version: '17.0.9'
Driver info: org.openqa.selenium.chrome.ChromeDriver
Command: [d8a73fd62eeb3b6e3fdc1e134611d0b9, close {}]
Capabilities {acceptInsecureCerts: false, browserName: chrome, browserVersion: 142.0.7444.176, chrome: {chromedriverVersion: 142.0.7444.175 (302067f14a4..., userDataDir: C:\Users\ASUS\AppData\Local...}, fedcm:accounts: true, goog:chromeOptions: {debuggerAddress: localhost:52506}, goog:processID: 2920, networkConnectionEnabled: false, pageLoadStrategy: normal, platformName: windows, proxy: Proxy(), se:cdp: ws://localhost:52506/devtoo..., se:cdpVersion: 142.0.7444.176, setWindowRect: true, strictFileInteractability: false, timeouts: {implicit: 0, pageLoad: 300000, script: 30000}, unhandledPromptBehavior: dismiss and notify, webauthn:extension:credBlob: true, webauthn:extension:largeBlob: true, webauthn:extension:minPinLength: true, webauthn:extension:prf: true, webauthn:virtualAuthenticators: true}
Session ID: d8a73fd62eeb3b6e3fdc1e134611d0b9]]>
            </message>
            <full-stacktrace>
              <![CDATA[org.openqa.selenium.NoSuchSessionException: invalid session id
Build info: version: '4.38.0', revision: '6b412e825c*'
System info: os.name: 'Windows 11', os.arch: 'amd64', os.version: '10.0', java.version: '17.0.9'
Driver info: org.openqa.selenium.chrome.ChromeDriver
Command: [d8a73fd62eeb3b6e3fdc1e134611d0b9, close {}]
Capabilities {acceptInsecureCerts: false, browserName: chrome, browserVersion: 142.0.7444.176, chrome: {chromedriverVersion: 142.0.7444.175 (302067f14a4..., userDataDir: C:\Users\ASUS\AppData\Local...}, fedcm:accounts: true, goog:chromeOptions: {debuggerAddress: localhost:52506}, goog:processID: 2920, networkConnectionEnabled: false, pageLoadStrategy: normal, platformName: windows, proxy: Proxy(), se:cdp: ws://localhost:52506/devtoo..., se:cdpVersion: 142.0.7444.176, setWindowRect: true, strictFileInteractability: false, timeouts: {implicit: 0, pageLoad: 300000, script: 30000}, unhandledPromptBehavior: dismiss and notify, webauthn:extension:credBlob: true, webauthn:extension:largeBlob: true, webauthn:extension:minPinLength: true, webauthn:extension:prf: true, webauthn:virtualAuthenticators: true}
Session ID: d8a73fd62eeb3b6e3fdc1e134611d0b9
at java.base/jdk.internal.reflect.NativeConstructorAccessorImpl.newInstance0(Native Method)
at java.base/jdk.internal.reflect.NativeConstructorAccessorImpl.newInstance(NativeConstructorAccessorImpl.java:77)
at java.base/jdk.internal.reflect.DelegatingConstructorAccessorImpl.newInstance(DelegatingConstructorAccessorImpl.java:45)
at java.base/java.lang.reflect.Constructor.newInstanceWithCaller(Constructor.java:499)
at java.base/java.lang.reflect.Constructor.newInstance(Constructor.java:480)
at org.openqa.selenium.remote.ErrorCodec.decode(ErrorCodec.java:167)
at org.openqa.selenium.remote.codec.w3c.W3CHttpResponseCodec.decode(W3CHttpResponseCodec.java:138)
at org.openqa.selenium.remote.codec.w3c.W3CHttpResponseCodec.decode(W3CHttpResponseCodec.java:50)
at org.openqa.selenium.remote.HttpCommandExecutor.execute(HttpCommandExecutor.java:215)
at org.openqa.selenium.remote.service.DriverCommandExecutor.invokeExecute(DriverCommandExecutor.java:216)
at org.openqa.selenium.remote.service.DriverCommandExecutor.execute(DriverCommandExecutor.java:174)
at org.openqa.selenium.remote.RemoteWebDriver.execute(RemoteWebDriver.java:557)
at org.openqa.selenium.remote.RemoteWebDriver.execute(RemoteWebDriver.java:634)
at org.openqa.selenium.remote.RemoteWebDriver.execute(RemoteWebDriver.java:638)
at org.openqa.selenium.remote.RemoteWebDriver.close(RemoteWebDriver.java:430)
at rahulshettyacadamy.TestComponents.BaseTest.tearDown(BaseTest.java:114)
at java.base/jdk.internal.reflect.NativeMethodAccessorImpl.invoke0(Native Method)
at java.base/jdk.internal.reflect.NativeMethodAccessorImpl.invoke(NativeMethodAccessorImpl.java:77)
at java.base/jdk.internal.reflect.DelegatingMethodAccessorImpl.invoke(DelegatingMethodAccessorImpl.java:43)
at java.base/java.lang.reflect.Method.invoke(Method.java:568)
at org.testng.internal.invokers.MethodInvocationHelper.invokeMethod(MethodInvocationHelper.java:139)
at org.testng.internal.invokers.MethodInvocationHelper.invokeMethodConsideringTimeout(MethodInvocationHelper.java:69)
at org.testng.internal.invokers.ConfigInvoker.invokeConfigurationMethod(ConfigInvoker.java:390)
at org.testng.internal.invokers.ConfigInvoker.invokeConfigurations(ConfigInvoker.java:325)
at org.testng.internal.invokers.TestInvoker.runConfigMethods(TestInvoker.java:810)
at org.testng.internal.invokers.TestInvoker.runAfterConfigurations(TestInvoker.java:779)
at org.testng.internal.invokers.TestInvoker.invokeMethod(TestInvoker.java:755)
at org.testng.internal.invokers.TestInvoker.invokeTestMethod(TestInvoker.java:227)
at org.testng.internal.invokers.MethodRunner.runInSequence(MethodRunner.java:50)
at org.testng.internal.invokers.TestInvoker$MethodInvocationAgent.invoke(TestInvoker.java:957)
at org.testng.internal.invokers.TestInvoker.invokeTestMethods(TestInvoker.java:200)
at org.testng.internal.invokers.TestMethodWorker.invokeTestMethods(TestMethodWorker.java:148)
at org.testng.internal.invokers.TestMethodWorker.run(TestMethodWorker.java:128)
at java.base/java.util.concurrent.ThreadPoolExecutor.runWorker(ThreadPoolExecutor.java:1136)
at java.base/java.util.concurrent.ThreadPoolExecutor$Worker.run(ThreadPoolExecutor.java:635)
at java.base/java.lang.Thread.run(Thread.java:840)
]]>
            </full-stacktrace>
          </exception> <!-- org.openqa.selenium.NoSuchSessionException -->
          <reporter-output>
          </reporter-output>
        </test-method> <!-- tearDown -->
        <test-method signature="LoginErrorvalidation()[pri:0, instance:rahulshettyacadamy.Test.ErrorValidationTest@6d1ef78d]" started-at="2025-11-30T15:56:55 IST" name="LoginErrorvalidation" finished-at="2025-11-30T15:57:06 IST" duration-ms="10777" status="FAIL">
          <exception class="java.lang.AssertionError">
            <message>
              <![CDATA[The following asserts failed:
Incorrect email or password.]]>
            </message>
            <full-stacktrace>
              <![CDATA[java.lang.AssertionError: The following asserts failed:
Incorrect email or password.
at org.testng.asserts.SoftAssert.assertAll(SoftAssert.java:46)
at org.testng.asserts.SoftAssert.assertAll(SoftAssert.java:30)
at rahulshettyacadamy.abstractComponents.Validations.LoginBtn(Validations.java:141)
at rahulshettyacadamy.PageObjects.LandingPage.LoginApplication(LandingPage.java:59)
at rahulshettyacadamy.Test.ErrorValidationTest.LoginErrorvalidation(ErrorValidationTest.java:64)
at java.base/jdk.internal.reflect.NativeMethodAccessorImpl.invoke0(Native Method)
at java.base/jdk.internal.reflect.NativeMethodAccessorImpl.invoke(NativeMethodAccessorImpl.java:77)
at java.base/jdk.internal.reflect.DelegatingMethodAccessorImpl.invoke(DelegatingMethodAccessorImpl.java:43)
at java.base/java.lang.reflect.Method.invoke(Method.java:568)
at org.testng.internal.invokers.MethodInvocationHelper.invokeMethod(MethodInvocationHelper.java:139)
at org.testng.internal.invokers.TestInvoker.invokeMethod(TestInvoker.java:664)
at org.testng.internal.invokers.TestInvoker.retryFailed(TestInvoker.java:248)
at org.testng.internal.invokers.MethodRunner.runInSequence(MethodRunner.java:62)
at org.testng.internal.invokers.TestInvoker$MethodInvocationAgent.invoke(TestInvoker.java:957)
at org.testng.internal.invokers.TestInvoker.invokeTestMethods(TestInvoker.java:200)
at org.testng.internal.invokers.TestMethodWorker.invokeTestMethods(TestMethodWorker.java:148)
at org.testng.internal.invokers.TestMethodWorker.run(TestMethodWorker.java:128)
at java.base/java.util.concurrent.ThreadPoolExecutor.runWorker(ThreadPoolExecutor.java:1136)
at java.base/java.util.concurrent.ThreadPoolExecutor$Worker.run(ThreadPoolExecutor.java:635)
at java.base/java.lang.Thread.run(Thread.java:840)
]]>
            </full-stacktrace>
          </exception> <!-- java.lang.AssertionError -->
          <reporter-output>
          </reporter-output>
        </test-method> <!-- LoginErrorvalidation -->
        <test-method is-config="true" signature="tearDown()[pri:0, instance:rahulshettyacadamy.Test.ErrorValidationTest@6d1ef78d]" started-at="2025-11-30T15:57:06 IST" name="tearDown" finished-at="2025-11-30T15:57:06 IST" duration-ms="230" status="PASS">
          <reporter-output>
          </reporter-output>
        </test-method> <!-- tearDown -->
      </class> <!-- rahulshettyacadamy.Test.ErrorValidationTest -->
    </test> <!-- ErrorValidation -->
  </suite> <!-- Suite -->
</testng-results>
