<?xml version="1.0" encoding="UTF-8"?>
<testng-results ignored="0" total="3" passed="3" failed="0" skipped="0">
  <reporter-output>
  </reporter-output>
  <suite started-at="2025-11-30T15:32:21 IST" name="Suite" finished-at="2025-11-30T15:33:37 IST" duration-ms="76639">
    <groups>
      <group name="Purchase">
        <method signature="SubmitOrderTest.SubmitOrder(java.util.HashMap)[pri:0, instance:rahulshettyacadamy.Test.SubmitOrderTest@21fd5faa]" name="SubmitOrder" class="rahulshettyacadamy.Test.SubmitOrderTest"/>
      </group> <!-- Purchase -->
    </groups>
    <test started-at="2025-11-30T15:32:21 IST" name="ErrorValidation" finished-at="2025-11-30T15:32:21 IST" duration-ms="53">
    </test> <!-- ErrorValidation -->
    <test started-at="2025-11-30T15:32:21 IST" name="SubmitOrder" finished-at="2025-11-30T15:33:37 IST" duration-ms="76637">
      <class name="rahulshettyacadamy.Test.SubmitOrderTest">
        <test-method is-config="true" signature="LaunchApplication()[pri:0, instance:rahulshettyacadamy.Test.SubmitOrderTest@21fd5faa]" started-at="2025-11-30T15:32:23 IST" name="LaunchApplication" finished-at="2025-11-30T15:32:32 IST" duration-ms="9399" status="PASS">
          <reporter-output>
          </reporter-output>
        </test-method> <!-- LaunchApplication -->
        <test-method signature="SubmitOrder(java.util.HashMap)[pri:0, instance:rahulshettyacadamy.Test.SubmitOrderTest@21fd5faa]" started-at="2025-11-30T15:32:32 IST" name="SubmitOrder" data-provider="getDataFromExcel" finished-at="2025-11-30T15:32:49 IST" duration-ms="17260" status="PASS">
          <params>
            <param index="0">
              <value>
                <![CDATA[{User=Existing, Email=raju1245@gmail.com, gender=Male, Username=wedrtyui, Phone=1234567890, Country=United State, LastName=Tho, productName=ADIDAS ORIGINAL, age=18, Occ=Doctor, Password=Suvarna@02}]]>
              </value>
            </param>
          </params>
          <reporter-output>
          </reporter-output>
        </test-method> <!-- SubmitOrder -->
        <test-method is-config="true" signature="tearDown()[pri:0, instance:rahulshettyacadamy.Test.SubmitOrderTest@21fd5faa]" started-at="2025-11-30T15:32:49 IST" name="tearDown" finished-at="2025-11-30T15:32:50 IST" duration-ms="381" status="PASS">
          <reporter-output>
          </reporter-output>
        </test-method> <!-- tearDown -->
        <test-method is-config="true" signature="LaunchApplication()[pri:0, instance:rahulshettyacadamy.Test.SubmitOrderTest@21fd5faa]" started-at="2025-11-30T15:32:50 IST" name="LaunchApplication" finished-at="2025-11-30T15:32:57 IST" duration-ms="7139" status="PASS">
          <reporter-output>
          </reporter-output>
        </test-method> <!-- LaunchApplication -->
        <test-method signature="SubmitOrder(java.util.HashMap)[pri:0, instance:rahulshettyacadamy.Test.SubmitOrderTest@21fd5faa]" started-at="2025-11-30T15:32:57 IST" name="SubmitOrder" data-provider="getDataFromExcel" finished-at="2025-11-30T15:33:14 IST" duration-ms="17081" status="PASS">
          <params>
            <param index="0">
              <value>
                <![CDATA[{User=Existing, Email=suvarna5@gmail.com, gender=Male, Username=wedrtyui, Phone=1234567890, Country=India, LastName=Tho, productName=ZARA COAT 3, age=17, Occ=Doctor, Password=Suvarna@02}]]>
              </value>
            </param>
          </params>
          <reporter-output>
          </reporter-output>
        </test-method> <!-- SubmitOrder -->
        <test-method is-config="true" signature="tearDown()[pri:0, instance:rahulshettyacadamy.Test.SubmitOrderTest@21fd5faa]" started-at="2025-11-30T15:33:14 IST" name="tearDown" finished-at="2025-11-30T15:33:14 IST" duration-ms="204" status="PASS">
          <reporter-output>
          </reporter-output>
        </test-method> <!-- tearDown -->
        <test-method is-config="true" signature="LaunchApplication()[pri:0, instance:rahulshettyacadamy.Test.SubmitOrderTest@21fd5faa]" started-at="2025-11-30T15:33:14 IST" name="LaunchApplication" finished-at="2025-11-30T15:33:20 IST" duration-ms="5660" status="PASS">
          <reporter-output>
          </reporter-output>
        </test-method> <!-- LaunchApplication -->
        <test-method signature="SubmitOrder(java.util.HashMap)[pri:0, instance:rahulshettyacadamy.Test.SubmitOrderTest@21fd5faa]" started-at="2025-11-30T15:33:20 IST" name="SubmitOrder" data-provider="getDataFromExcel" finished-at="2025-11-30T15:33:37 IST" duration-ms="17173" status="PASS">
          <params>
            <param index="0">
              <value>
                <![CDATA[{User=Existing, Email=raju1245653@gmail.com, gender=Female, Username=wedrtyui, Phone=1234567890, Country=United State, LastName=Tho, productName=ADIDAS ORIGINAL, age=18, Occ=Doctor, Password=Suvarna@02}]]>
              </value>
            </param>
          </params>
          <reporter-output>
          </reporter-output>
        </test-method> <!-- SubmitOrder -->
        <test-method is-config="true" signature="tearDown()[pri:0, instance:rahulshettyacadamy.Test.SubmitOrderTest@21fd5faa]" started-at="2025-11-30T15:33:37 IST" name="tearDown" finished-at="2025-11-30T15:33:37 IST" duration-ms="374" status="PASS">
          <reporter-output>
          </reporter-output>
        </test-method> <!-- tearDown -->
      </class> <!-- rahulshettyacadamy.Test.SubmitOrderTest -->
    </test> <!-- SubmitOrder -->
  </suite> <!-- Suite -->
</testng-results>
