<?xml version="1.0" encoding="UTF-8"?>
<!-- Generated by org.testng.reporters.JUnitReportReporter -->
<testsuite hostname="DESKTOP-3EG2OHA" failures="0" tests="6" name="rahulshettyacadamy.Test.SubmitOrderTest" time="136.070" errors="0" timestamp="2025-11-30T15:57:07 IST" skipped="0">
  <testcase classname="rahulshettyacadamy.Test.SubmitOrderTest" name="OrderHistory" time="23.493"/>
  <testcase classname="rahulshettyacadamy.Test.SubmitOrderTest" name="OrderHistory" time="17.911"/>
  <testcase classname="rahulshettyacadamy.Test.SubmitOrderTest" name="SubmitOrder" time="23.636"/>
  <testcase classname="rahulshettyacadamy.Test.SubmitOrderTest" name="SubmitOrder" time="18.050"/>
  <testcase classname="rahulshettyacadamy.Test.SubmitOrderTest" name="SubmitOrder" time="25.274"/>
  <testcase classname="rahulshettyacadamy.Test.SubmitOrderTest" name="OrderHistory" time="27.706"/>
</testsuite> <!-- rahulshettyacadamy.Test.SubmitOrderTest -->
